<?xml version="1.0" encoding="UTF-8"?>
<testsuite xmlns:xsi="http://www.w3.org/2001/XMLSchema-instance" xsi:noNamespaceSchemaLocation="https://maven.apache.org/surefire/maven-surefire-plugin/xsd/surefire-test-report-3.0.xsd" version="3.0" name="com.mycompany.carro.CarroTest" time="0.065" tests="9" errors="0" skipped="0" failures="0">
  <properties>
    <property name="java.specification.version" value="21"/>
    <property name="sun.cpu.isalist" value="amd64"/>
    <property name="sun.jnu.encoding" value="Cp1252"/>
    <property name="java.class.path" value="C:\Users\IFSul\TADS\TADS\TESTES\Carro\target\test-classes;C:\Users\IFSul\TADS\TADS\TESTES\Carro\target\classes;C:\Users\IFSul\.m2\repository\junit\junit\4.13.2\junit-4.13.2.jar;C:\Users\IFSul\.m2\repository\org\hamcrest\hamcrest-core\1.3\hamcrest-core-1.3.jar;C:\Users\IFSul\.m2\repository\org\junit\vintage\junit-vintage-engine\5.10.2\junit-vintage-engine-5.10.2.jar;C:\Users\IFSul\.m2\repository\org\junit\platform\junit-platform-engine\1.10.2\junit-platform-engine-1.10.2.jar;C:\Users\IFSul\.m2\repository\org\opentest4j\opentest4j\1.3.0\opentest4j-1.3.0.jar;C:\Users\IFSul\.m2\repository\org\junit\platform\junit-platform-commons\1.10.2\junit-platform-commons-1.10.2.jar;C:\Users\IFSul\.m2\repository\org\apiguardian\apiguardian-api\1.1.2\apiguardian-api-1.1.2.jar;"/>
    <property name="java.vm.vendor" value="Eclipse Adoptium"/>
    <property name="sun.arch.data.model" value="64"/>
    <property name="user.variant" value=""/>
    <property name="java.vendor.url" value="https://adoptium.net/"/>
    <property name="user.timezone" value="America/Sao_Paulo"/>
    <property name="os.name" value="Windows 10"/>
    <property name="java.vm.specification.version" value="21"/>
    <property name="user.country" value="BR"/>
    <property name="sun.java.launcher" value="SUN_STANDARD"/>
    <property name="sun.boot.library.path" value="C:\Program Files\Eclipse Adoptium\jdk-21.0.1.12-hotspot\bin"/>
    <property name="sun.java.command" value="C:\Users\IFSul\AppData\Local\Temp\surefire17410763842305978452\surefirebooter-20240509203909161_3.jar C:\Users\IFSul\AppData\Local\Temp\surefire17410763842305978452 2024-05-09T20-39-08_993-jvmRun1 surefire-20240509203909161_1tmp surefire_0-20240509203909161_2tmp"/>
    <property name="jdk.debug" value="release"/>
    <property name="test" value="com.mycompany.carro.CarroTest"/>
    <property name="surefire.test.class.path" value="C:\Users\IFSul\TADS\TADS\TESTES\Carro\target\test-classes;C:\Users\IFSul\TADS\TADS\TESTES\Carro\target\classes;C:\Users\IFSul\.m2\repository\junit\junit\4.13.2\junit-4.13.2.jar;C:\Users\IFSul\.m2\repository\org\hamcrest\hamcrest-core\1.3\hamcrest-core-1.3.jar;C:\Users\IFSul\.m2\repository\org\junit\vintage\junit-vintage-engine\5.10.2\junit-vintage-engine-5.10.2.jar;C:\Users\IFSul\.m2\repository\org\junit\platform\junit-platform-engine\1.10.2\junit-platform-engine-1.10.2.jar;C:\Users\IFSul\.m2\repository\org\opentest4j\opentest4j\1.3.0\opentest4j-1.3.0.jar;C:\Users\IFSul\.m2\repository\org\junit\platform\junit-platform-commons\1.10.2\junit-platform-commons-1.10.2.jar;C:\Users\IFSul\.m2\repository\org\apiguardian\apiguardian-api\1.1.2\apiguardian-api-1.1.2.jar;"/>
    <property name="sun.cpu.endian" value="little"/>
    <property name="user.home" value="C:\Users\IFSul"/>
    <property name="user.language" value="pt"/>
    <property name="java.specification.vendor" value="Oracle Corporation"/>
    <property name="java.version.date" value="2023-10-17"/>
    <property name="java.home" value="C:\Program Files\Eclipse Adoptium\jdk-21.0.1.12-hotspot"/>
    <property name="file.separator" value="\"/>
    <property name="basedir" value="C:\Users\IFSul\TADS\TADS\TESTES\Carro"/>
    <property name="java.vm.compressedOopsMode" value="32-bit"/>
    <property name="line.separator" value="&#10;"/>
    <property name="java.vm.specification.vendor" value="Oracle Corporation"/>
    <property name="java.specification.name" value="Java Platform API Specification"/>
    <property name="surefire.real.class.path" value="C:\Users\IFSul\AppData\Local\Temp\surefire17410763842305978452\surefirebooter-20240509203909161_3.jar"/>
    <property name="user.script" value=""/>
    <property name="sun.management.compiler" value="HotSpot 64-Bit Tiered Compilers"/>
    <property name="java.runtime.version" value="21.0.1+12-LTS"/>
    <property name="user.name" value="IFSul"/>
    <property name="stdout.encoding" value="Cp1252"/>
    <property name="path.separator" value=";"/>
    <property name="os.version" value="10.0"/>
    <property name="java.runtime.name" value="OpenJDK Runtime Environment"/>
    <property name="file.encoding" value="UTF-8"/>
    <property name="java.vm.name" value="OpenJDK 64-Bit Server VM"/>
    <property name="java.vendor.version" value="Temurin-21.0.1+12"/>
    <property name="maven.ext.class.path" value="C:\Program Files\NetBeans-20\netbeans\java\maven-nblib\netbeans-eventspy.jar"/>
    <property name="localRepository" value="C:\Users\IFSul\.m2\repository"/>
    <property name="java.vendor.url.bug" value="https://github.com/adoptium/adoptium-support/issues"/>
    <property name="java.io.tmpdir" value="C:\Users\IFSul\AppData\Local\Temp\"/>
    <property name="java.version" value="21.0.1"/>
    <property name="user.dir" value="C:\Users\IFSul\TADS\TADS\TESTES\Carro"/>
    <property name="os.arch" value="amd64"/>
    <property name="java.vm.specification.name" value="Java Virtual Machine Specification"/>
    <property name="sun.os.patch.level" value=""/>
    <property name="native.encoding" value="Cp1252"/>
    <property name="java.library.path" value="C:\Program Files\Eclipse Adoptium\jdk-21.0.1.12-hotspot\bin;C:\Windows\Sun\Java\bin;C:\Windows\system32;C:\Windows;C:\Program Files (x86)\Common Files\Oracle\Java\javapath;C:\Program Files\Python312\Scripts\;C:\Program Files\Python312\;C:\Program Files\Eclipse Adoptium\jdk-21.0.1.12-hotspot\bin;C:\Program Files\Eclipse Adoptium\jdk-8.0.392.8-hotspot\bin;C:\Program Files\Eclipse Adoptium\jre-8.0.392.8-hotspot\bin;C:\Windows\system32;C:\Windows;C:\Windows\System32\Wbem;C:\Windows\System32\WindowsPowerShell\v1.0\;C:\Windows\System32\OpenSSH\;C:\Program Files\Microsoft VS Code\bin;C:\Program Files\dotnet\;C:\ProgramData\UNIVALI\Portugol Studio;C:\Program Files\Git\cmd;C:\Program Files\Docker\Docker\resources\bin;C:\Users\IFSul\AppData\Local\Microsoft\WindowsApps;C:\Users\IFSul\AppData\Local\GitHubDesktop\bin;&quot;C:\flutter\bin&quot;;C:\Users\IFSul\AppData\Local\Programs\Microsoft VS Code\bin;C:\Users\IFSul\AppData\Local\Programs\mongosh\;."/>
    <property name="java.vm.info" value="mixed mode, sharing"/>
    <property name="stderr.encoding" value="Cp1252"/>
    <property name="java.vendor" value="Eclipse Adoptium"/>
    <property name="java.vm.version" value="21.0.1+12-LTS"/>
    <property name="sun.io.unicode.encoding" value="UnicodeLittle"/>
    <property name="java.class.version" value="65.0"/>
  </properties>
  <testcase name="testPortaStatus" classname="com.mycompany.carro.CarroTest" time="0.026">
    <system-out><![CDATA[true
]]></system-out>
  </testcase>
  <testcase name="testFarolStatus" classname="com.mycompany.carro.CarroTest" time="0.001">
    <system-out><![CDATA[true
]]></system-out>
  </testcase>
  <testcase name="testCarroModelo" classname="com.mycompany.carro.CarroTest" time="0.001">
    <system-out><![CDATA[Tesla
]]></system-out>
  </testcase>
  <testcase name="testMotorPotencia" classname="com.mycompany.carro.CarroTest" time="0.003">
    <system-out><![CDATA[1020
]]></system-out>
  </testcase>
  <testcase name="testCarroMarca" classname="com.mycompany.carro.CarroTest" time="0.003">
    <system-out><![CDATA[Model S Plaid
]]></system-out>
  </testcase>
  <testcase name="testSEBateria" classname="com.mycompany.carro.CarroTest" time="0.002">
    <system-out><![CDATA[Lítio
]]></system-out>
  </testcase>
  <testcase name="testTCCombustivel" classname="com.mycompany.carro.CarroTest" time="0.001">
    <system-out><![CDATA[Elétrico
]]></system-out>
  </testcase>
  <testcase name="testPneuMarca" classname="com.mycompany.carro.CarroTest" time="0.001">
    <system-out><![CDATA[Michelin
]]></system-out>
  </testcase>
  <testcase name="testBancoAquecimento" classname="com.mycompany.carro.CarroTest" time="0.001">
    <system-out><![CDATA[true
]]></system-out>
  </testcase>
</testsuite>